g++ -O3 -c pagerank.cpp
g++ -o pagerank pagerank.o
g++ -O3 -c msa_pagerank.cpp
g++ -o msa_pagerank msa_pagerank.o
std version
Type: default
Format: COO
Input file: /mnt/d/Jorta/Documents/Uni/4th Year/CSC3021_Concurrent_Programming/Assignments/graphs/LiveJournal_dir.coo
GraphType format
Reading input: 10.2132236 seconds
Initialisation: 0.3336348 seconds
iteration 1: delta=0.7657405697817449 xnorm=1 time=1.0237215 seconds
iteration 2: delta=0.2427457202670431 xnorm=1 time=1.0203951 seconds
iteration 3: delta=0.08351246007930319 xnorm=1 time=1.0223321 seconds
iteration 4: delta=0.0413847966303565 xnorm=1 time=1.0279234 seconds
iteration 5: delta=0.02335677813822932 xnorm=1 time=1.0314958 seconds
iteration 6: delta=0.01465310248268644 xnorm=1 time=1.021118 seconds
iteration 7: delta=0.00968418109252497 xnorm=1 time=1.0184246 seconds
iteration 8: delta=0.006645481565488928 xnorm=1 time=1.0250236 seconds
iteration 9: delta=0.004687077085613662 xnorm=1 time=1.0305123 seconds
iteration 10: delta=0.003379595920608532 xnorm=1 time=1.0339746 seconds
iteration 11: delta=0.00248139928002146 xnorm=1 time=1.0223649 seconds
iteration 12: delta=0.001851288885516328 xnorm=1 time=1.0146492 seconds
iteration 13: delta=0.001399696925243255 xnorm=1 time=1.0173164 seconds
iteration 14: delta=0.001071123978321685 xnorm=1 time=1.0110735 seconds
iteration 15: delta=0.0008280205449419439 xnorm=1 time=1.0159649 seconds
iteration 16: delta=0.0006460338997599027 xnorm=1 time=1.0163647 seconds
iteration 17: delta=0.0005078862430660688 xnorm=1 time=1.019313 seconds
iteration 18: delta=0.0004020454432663854 xnorm=1 time=1.0186909 seconds
iteration 19: delta=0.0003200220531273052 xnorm=1 time=1.0147991 seconds
iteration 20: delta=0.0002561035425722453 xnorm=1 time=1.0170257 seconds
iteration 21: delta=0.0002058563842082391 xnorm=1 time=1.018262 seconds
iteration 22: delta=0.0001661960674805028 xnorm=1 time=1.0169798 seconds
iteration 23: delta=0.0001346758608044258 xnorm=1 time=1.0267608 seconds
iteration 24: delta=0.0001095511853903326 xnorm=1 time=1.0156648 seconds
iteration 25: delta=8.940948116359607e-05 xnorm=1 time=1.0165459 seconds
iteration 26: delta=7.32182095981942e-05 xnorm=1 time=1.0165749 seconds
iteration 27: delta=6.013590872500203e-05 xnorm=1 time=1.0269175 seconds
iteration 28: delta=4.954302424773071e-05 xnorm=1 time=1.0279166 seconds
iteration 29: delta=4.092457696007193e-05 xnorm=1 time=1.0148832 seconds
iteration 30: delta=3.390131675970972e-05 xnorm=1 time=1.0206686 seconds
iteration 31: delta=2.814976442581824e-05 xnorm=1 time=1.0242143 seconds
iteration 32: delta=2.343393793210802e-05 xnorm=1 time=1.0148804 seconds
iteration 33: delta=1.954686250390362e-05 xnorm=1 time=1.031462 seconds
iteration 34: delta=1.634114927627568e-05 xnorm=1 time=1.0225352 seconds
iteration 35: delta=1.368265322539238e-05 xnorm=1 time=1.0204299 seconds
iteration 36: delta=1.147463477572372e-05 xnorm=1 time=1.0203825 seconds
iteration 37: delta=9.630987849993379e-06 xnorm=1 time=1.017792 seconds
iteration 38: delta=8.091435042657739e-06 xnorm=1 time=1.0165742 seconds
iteration 39: delta=6.80111842526055e-06 xnorm=1 time=1.0171305 seconds
iteration 40: delta=5.719866935232524e-06 xnorm=1 time=1.0108801 seconds
iteration 41: delta=4.811506943396017e-06 xnorm=1 time=1.0121504 seconds
iteration 42: delta=4.049248802325172e-06 xnorm=1 time=1.0203913 seconds
iteration 43: delta=3.408405472290978e-06 xnorm=1 time=1.014008 seconds
iteration 44: delta=2.870229805695641e-06 xnorm=1 time=1.0201659 seconds
iteration 45: delta=2.417546388594067e-06 xnorm=1 time=1.0149103 seconds
iteration 46: delta=2.036979793344945e-06 xnorm=1 time=1.0151994 seconds
iteration 47: delta=1.716455467516161e-06 xnorm=1 time=1.0160284 seconds
iteration 48: delta=1.44677116275744e-06 xnorm=1 time=1.0109683 seconds
iteration 49: delta=1.219528745087948e-06 xnorm=1 time=1.0121588 seconds
iteration 50: delta=1.028236978539547e-06 xnorm=1 time=1.0110843 seconds
iteration 51: delta=8.670014603932135e-07 xnorm=1 time=1.0118309 seconds
iteration 52: delta=7.312213946900015e-07 xnorm=1 time=1.0120438 seconds
iteration 53: delta=6.167411758657822e-07 xnorm=1 time=1.0125609 seconds
iteration 54: delta=5.202962305455957e-07 xnorm=1 time=1.0118819 seconds
iteration 55: delta=4.389596449753509e-07 xnorm=1 time=1.0106026 seconds
iteration 56: delta=3.704127805820562e-07 xnorm=1 time=1.011133 seconds
iteration 57: delta=3.125895608975958e-07 xnorm=1 time=1.0130092 seconds
iteration 58: delta=2.638433807403565e-07 xnorm=1 time=1.0114754 seconds
iteration 59: delta=2.2271270167922e-07 xnorm=1 time=1.0281722 seconds
iteration 60: delta=1.880276086198809e-07 xnorm=1 time=1.0194089 seconds
iteration 61: delta=1.587547463316179e-07 xnorm=1 time=1.0182734 seconds
iteration 62: delta=1.340625948097499e-07 xnorm=1 time=1.0177631 seconds
iteration 63: delta=1.132189010991919e-07 xnorm=1 time=1.0192812 seconds
iteration 64: delta=9.563164910840323e-08 xnorm=1 time=1.0178451 seconds

Total time:77.1131264 seconds
Total iterate time:66.56610400000001 seconds
Total seq time:10.54702239999999 seconds
Type: default
Format: CSR
Input file: /mnt/d/Jorta/Documents/Uni/4th Year/CSC3021_Concurrent_Programming/Assignments/graphs/LiveJournal_dir.csr
GraphType format
Reading input: 8.099092600000001 seconds
Initialisation: 0.09260510000000001 seconds
iteration 1: delta=0.7657405697817449 xnorm=1 time=0.3978013 seconds
iteration 2: delta=0.2427457202670431 xnorm=1 time=0.3655988 seconds
iteration 3: delta=0.08351246007930323 xnorm=1 time=0.3662906 seconds
iteration 4: delta=0.04138479663035653 xnorm=1 time=0.3649523 seconds
iteration 5: delta=0.0233567781382293 xnorm=1 time=0.369117 seconds
iteration 6: delta=0.01465310248268642 xnorm=1 time=0.3650168 seconds
iteration 7: delta=0.009684181092524967 xnorm=1 time=0.3653375 seconds
iteration 8: delta=0.006645481565488927 xnorm=1 time=0.3686209 seconds
iteration 9: delta=0.004687077085613662 xnorm=1 time=0.3652046 seconds
iteration 10: delta=0.003379595920608531 xnorm=1 time=0.3669213 seconds
iteration 11: delta=0.002481399280021459 xnorm=1 time=0.3649852 seconds
iteration 12: delta=0.001851288885516328 xnorm=1 time=0.365662 seconds
iteration 13: delta=0.001399696925243255 xnorm=1 time=0.3665797 seconds
iteration 14: delta=0.001071123978321686 xnorm=1 time=0.3660196 seconds
iteration 15: delta=0.0008280205449419441 xnorm=1 time=0.3660824 seconds
iteration 16: delta=0.0006460338997599028 xnorm=1 time=0.3649659 seconds
iteration 17: delta=0.0005078862430660689 xnorm=1 time=0.3689649 seconds
iteration 18: delta=0.000402045443266385 xnorm=1 time=0.3663271 seconds
iteration 19: delta=0.0003200220531273053 xnorm=1 time=0.3654639 seconds
iteration 20: delta=0.0002561035425722452 xnorm=1 time=0.3659234 seconds
iteration 21: delta=0.0002058563842082388 xnorm=1 time=0.3688275 seconds
iteration 22: delta=0.000166196067480502 xnorm=1 time=0.3665824 seconds
iteration 23: delta=0.000134675860804425 xnorm=1 time=0.3681513 seconds
iteration 24: delta=0.0001095511853903329 xnorm=1 time=0.3649678 seconds
iteration 25: delta=8.940948116359585e-05 xnorm=1 time=0.3767619 seconds
iteration 26: delta=7.32182095981949e-05 xnorm=1 time=0.3670341 seconds
iteration 27: delta=6.013590872500285e-05 xnorm=1 time=0.365105 seconds
iteration 28: delta=4.954302424773042e-05 xnorm=1 time=0.3661775 seconds
iteration 29: delta=4.092457696007126e-05 xnorm=1 time=0.3676867 seconds
iteration 30: delta=3.390131675970864e-05 xnorm=1 time=0.3651700000000001 seconds
iteration 31: delta=2.81497644258183e-05 xnorm=1 time=0.3655531 seconds
iteration 32: delta=2.34339379321075e-05 xnorm=1 time=0.3676944 seconds
iteration 33: delta=1.954686250390318e-05 xnorm=1 time=0.3683036 seconds
iteration 34: delta=1.634114927627526e-05 xnorm=1 time=0.3663233 seconds
iteration 35: delta=1.368265322533178e-05 xnorm=1 time=0.3664859 seconds
iteration 36: delta=1.147463477574444e-05 xnorm=1 time=0.3666366 seconds
iteration 37: delta=9.630987850001031e-06 xnorm=1 time=0.366003 seconds
iteration 38: delta=8.091435042663527e-06 xnorm=1 time=0.3658825 seconds
iteration 39: delta=6.801118425264186e-06 xnorm=1 time=0.3667789 seconds
iteration 40: delta=5.719866935236529e-06 xnorm=1 time=0.3650107 seconds
iteration 41: delta=4.811506943399091e-06 xnorm=1 time=0.3657617 seconds
iteration 42: delta=4.049248802328943e-06 xnorm=1 time=0.3658106 seconds
iteration 43: delta=3.408405472292823e-06 xnorm=1 time=0.3648409 seconds
iteration 44: delta=2.870229805697807e-06 xnorm=1 time=0.3670504 seconds
iteration 45: delta=2.417546388595389e-06 xnorm=1 time=0.3638362 seconds
iteration 46: delta=2.036979793346919e-06 xnorm=1 time=0.3652022 seconds
iteration 47: delta=1.716455467616396e-06 xnorm=1 time=0.3659911 seconds
iteration 48: delta=1.446771162662946e-06 xnorm=1 time=0.366392 seconds
iteration 49: delta=1.219528745096468e-06 xnorm=1 time=0.3654203 seconds
iteration 50: delta=1.028236978539351e-06 xnorm=1 time=0.3674248 seconds
iteration 51: delta=8.670014603929797e-07 xnorm=1 time=0.3656145 seconds
iteration 52: delta=7.312213946898196e-07 xnorm=1 time=0.3631483 seconds
iteration 53: delta=6.167411758646451e-07 xnorm=1 time=0.3648295 seconds
iteration 54: delta=5.202962305454779e-07 xnorm=1 time=0.3660837 seconds
iteration 55: delta=4.3895964497438e-07 xnorm=1 time=0.3660401 seconds
iteration 56: delta=3.704127805812956e-07 xnorm=1 time=0.364986 seconds
iteration 57: delta=3.125895608965952e-07 xnorm=1 time=0.3650444 seconds
iteration 58: delta=2.638433807406989e-07 xnorm=1 time=0.3667725 seconds
iteration 59: delta=2.227127016787043e-07 xnorm=1 time=0.3661762 seconds
iteration 60: delta=1.880276086195917e-07 xnorm=1 time=0.3652028 seconds
iteration 61: delta=1.587547463309399e-07 xnorm=0.9999999999999999 time=0.3660504 seconds
iteration 62: delta=1.340625948096563e-07 xnorm=1 time=0.3650889 seconds
iteration 63: delta=1.132189010997474e-07 xnorm=1 time=0.3666696 seconds
iteration 64: delta=9.563164910801421e-08 xnorm=0.9999999999999999 time=0.3668387 seconds

Total time:33.0517115 seconds
Total iterate time:24.8598946 seconds
Total seq time:8.191816900000003 seconds
Type: default
Format: CSC
Input file: /mnt/d/Jorta/Documents/Uni/4th Year/CSC3021_Concurrent_Programming/Assignments/graphs/LiveJournal_dir.csc
GraphType format
Reading input: 8.070715 seconds
Initialisation: 0.3055006 seconds
iteration 1: delta=0.7657405697817449 xnorm=1 time=0.3404428 seconds
iteration 2: delta=0.2427457202670431 xnorm=1 time=0.3028443 seconds
iteration 3: delta=0.08351246007930323 xnorm=1 time=0.3039374 seconds
iteration 4: delta=0.04138479663035653 xnorm=1 time=0.3052905 seconds
iteration 5: delta=0.0233567781382293 xnorm=1 time=0.3038601 seconds
iteration 6: delta=0.01465310248268642 xnorm=1 time=0.3038626 seconds
iteration 7: delta=0.009684181092524967 xnorm=1 time=0.3043138 seconds
iteration 8: delta=0.006645481565488927 xnorm=1 time=0.3040639 seconds
iteration 9: delta=0.004687077085613662 xnorm=1 time=0.3030207 seconds
iteration 10: delta=0.003379595920608531 xnorm=1 time=0.3041784 seconds
iteration 11: delta=0.002481399280021459 xnorm=1 time=0.3043385 seconds
iteration 12: delta=0.001851288885516328 xnorm=1 time=0.3097448 seconds
iteration 13: delta=0.001399696925243255 xnorm=1 time=0.3060759 seconds
iteration 14: delta=0.001071123978321686 xnorm=1 time=0.3037858 seconds
iteration 15: delta=0.0008280205449419441 xnorm=1 time=0.3041523 seconds
iteration 16: delta=0.0006460338997599028 xnorm=1 time=0.3046464 seconds
iteration 17: delta=0.0005078862430660689 xnorm=1 time=0.303645 seconds
iteration 18: delta=0.000402045443266385 xnorm=1 time=0.3044931 seconds
iteration 19: delta=0.0003200220531273053 xnorm=1 time=0.3070399 seconds
iteration 20: delta=0.0002561035425722452 xnorm=1 time=0.3040739 seconds
iteration 21: delta=0.0002058563842082388 xnorm=1 time=0.3037053 seconds
iteration 22: delta=0.000166196067480502 xnorm=1 time=0.3048225 seconds
iteration 23: delta=0.000134675860804425 xnorm=1 time=0.304862 seconds
iteration 24: delta=0.0001095511853903329 xnorm=1 time=0.3040103 seconds
iteration 25: delta=8.940948116359585e-05 xnorm=1 time=0.3068401 seconds
iteration 26: delta=7.32182095981949e-05 xnorm=1 time=0.3045531 seconds
iteration 27: delta=6.013590872500285e-05 xnorm=1 time=0.305121 seconds
iteration 28: delta=4.954302424773042e-05 xnorm=1 time=0.3053779 seconds
iteration 29: delta=4.092457696007126e-05 xnorm=1 time=0.3445041 seconds
iteration 30: delta=3.390131675970864e-05 xnorm=1 time=0.3071905 seconds
iteration 31: delta=2.81497644258183e-05 xnorm=1 time=0.3053454 seconds
iteration 32: delta=2.34339379321075e-05 xnorm=1 time=0.3035933 seconds
iteration 33: delta=1.954686250390318e-05 xnorm=1 time=0.3039326 seconds
iteration 34: delta=1.634114927627526e-05 xnorm=1 time=0.303657 seconds
iteration 35: delta=1.368265322533178e-05 xnorm=1 time=0.3037783 seconds
iteration 36: delta=1.147463477574444e-05 xnorm=1 time=0.3038275 seconds
iteration 37: delta=9.630987850001031e-06 xnorm=1 time=0.3026859 seconds
iteration 38: delta=8.091435042663527e-06 xnorm=1 time=0.3044859 seconds
iteration 39: delta=6.801118425264186e-06 xnorm=1 time=0.3057511 seconds
iteration 40: delta=5.719866935236529e-06 xnorm=1 time=0.3069825 seconds
iteration 41: delta=4.811506943399091e-06 xnorm=1 time=0.3040499 seconds
iteration 42: delta=4.049248802328943e-06 xnorm=1 time=0.303726 seconds
iteration 43: delta=3.408405472292823e-06 xnorm=1 time=0.3065853 seconds
iteration 44: delta=2.870229805697807e-06 xnorm=1 time=0.3052271 seconds
iteration 45: delta=2.417546388595389e-06 xnorm=1 time=0.3036499 seconds
iteration 46: delta=2.036979793346919e-06 xnorm=1 time=0.3051738 seconds
iteration 47: delta=1.716455467616396e-06 xnorm=1 time=0.3120299 seconds
iteration 48: delta=1.446771162662946e-06 xnorm=1 time=0.3035018 seconds
iteration 49: delta=1.219528745096468e-06 xnorm=1 time=0.3095351 seconds
iteration 50: delta=1.028236978539351e-06 xnorm=1 time=0.3035626 seconds
iteration 51: delta=8.670014603929797e-07 xnorm=1 time=0.3046662 seconds
iteration 52: delta=7.312213946898196e-07 xnorm=1 time=0.3044672 seconds
iteration 53: delta=6.167411758646451e-07 xnorm=1 time=0.3043299 seconds
iteration 54: delta=5.202962305454779e-07 xnorm=1 time=0.3041911 seconds
iteration 55: delta=4.3895964497438e-07 xnorm=1 time=0.3042456 seconds
iteration 56: delta=3.704127805812956e-07 xnorm=1 time=0.306445 seconds
iteration 57: delta=3.125895608965952e-07 xnorm=1 time=0.3023238 seconds
iteration 58: delta=2.638433807406989e-07 xnorm=1 time=0.3040067 seconds
iteration 59: delta=2.227127016787043e-07 xnorm=1 time=0.3083699 seconds
iteration 60: delta=1.880276086195917e-07 xnorm=1 time=0.3051068 seconds
iteration 61: delta=1.587547463309399e-07 xnorm=0.9999999999999999 time=0.3042781 seconds
iteration 62: delta=1.340625948096563e-07 xnorm=1 time=0.3051122 seconds
iteration 63: delta=1.132189010997474e-07 xnorm=1 time=0.3053194 seconds
iteration 64: delta=9.563164910801421e-08 xnorm=0.9999999999999999 time=0.3049545 seconds

Total time:29.3555683 seconds
Total iterate time:20.9792162 seconds
Total seq time:8.376352100000002 seconds

msa version

Type: default
Format: COO
Input file: /mnt/d/Jorta/Documents/Uni/4th Year/CSC3021_Concurrent_Programming/Assignments/graphs/LiveJournal_dir.coo
GraphType format
Reading input: 10.0134504 seconds
Initialisation: 0.2959166 seconds
iteration 1: delta=0.765731130433096 xnorm=0.9999997345344127 time=0.9165712 seconds
iteration 2: delta=0.2427373944005922 xnorm=0.9999996988158841 time=0.9164171000000001 seconds
iteration 3: delta=0.08350616345413187 xnorm=0.9999996389230148 time=0.9118664000000001 seconds
iteration 4: delta=0.04137974203459294 xnorm=0.9999997083733092 time=0.9247253000000001 seconds
iteration 5: delta=0.02335273536775162 xnorm=0.9999996144244676 time=0.9061444000000001 seconds
iteration 6: delta=0.01464984421755844 xnorm=0.9999996767288337 time=0.9055481000000001 seconds
iteration 7: delta=0.009681487141335765 xnorm=0.9999998152534033 time=0.9058213000000001 seconds
iteration 8: delta=0.006643244551128191 xnorm=0.99999959617017 time=0.9050032 seconds
iteration 9: delta=0.004685226360152228 xnorm=0.9999996282091672 time=0.9162546 seconds
iteration 10: delta=0.003377920254337141 xnorm=0.9999997837087449 time=0.9077980000000001 seconds
iteration 11: delta=0.002480111327741952 xnorm=0.9999996551772199 time=0.905726 seconds
iteration 12: delta=0.001850109726262872 xnorm=0.9999997127411859 time=0.9201614 seconds
iteration 13: delta=0.001398812486172574 xnorm=0.9999996208993878 time=0.9183907 seconds
iteration 14: delta=0.001070154518316713 xnorm=0.9999997028702978 time=0.9212070000000001 seconds
iteration 15: delta=0.0008272981690424785 xnorm=0.9999996854427309 time=0.9262493000000001 seconds
iteration 16: delta=0.0006453982786354118 xnorm=0.9999996601091823 time=0.919934 seconds
iteration 17: delta=0.0005073008314013805 xnorm=0.9999997537807985 time=0.9087704000000001 seconds
iteration 18: delta=0.0004015381130670903 xnorm=0.99999987457619 time=0.9193995 seconds
iteration 19: delta=0.0003197655797748666 xnorm=0.9999996436312131 time=0.9072643 seconds
iteration 20: delta=0.0002557563622644921 xnorm=0.9999996887551674 time=0.9268061000000001 seconds
iteration 21: delta=0.0002056045759957215 xnorm=0.9999996973881764 time=0.9117537000000001 seconds
iteration 22: delta=0.0001660074477172202 xnorm=0.9999996531057889 time=0.9077538000000001 seconds
iteration 23: delta=0.0001344792824511387 xnorm=0.9999996205025639 time=0.9195405000000001 seconds
iteration 24: delta=0.0001093162231597944 xnorm=0.9999997387787403 time=0.9066110000000001 seconds
iteration 25: delta=8.938790409729336e-05 xnorm=0.999999469308591 time=0.9145645 seconds
iteration 26: delta=7.299774489410993e-05 xnorm=0.9999995979434857 time=0.9034706 seconds
iteration 27: delta=5.99981398181626e-05 xnorm=0.9999996704800083 time=0.9037509 seconds
iteration 28: delta=4.942575171185126e-05 xnorm=0.9999997497745596 time=0.9027049 seconds

=========================
Interim Step
=========================
iteration 29: delta=4.077398188047867e-05 xnorm=0.9999996650119272 time=1.2299607 seconds

=========================
Increased Precision
=========================
iteration 30: delta=5.305246671731529e-05 xnorm=1 time=1.5930017 seconds
iteration 31: delta=3.921135964303309e-05 xnorm=1 time=1.5958363 seconds
iteration 32: delta=3.111146824531041e-05 xnorm=1 time=1.6056548 seconds
iteration 33: delta=2.527139932339893e-05 xnorm=1 time=1.6011351 seconds
iteration 34: delta=2.07018297610508e-05 xnorm=1 time=1.5982373 seconds
iteration 35: delta=1.710155491884991e-05 xnorm=1 time=1.597291 seconds
iteration 36: delta=1.420122919468453e-05 xnorm=1 time=1.5980887 seconds
iteration 37: delta=1.18342775474781e-05 xnorm=1 time=1.5979981 seconds
iteration 38: delta=9.8891370767715e-06 xnorm=1 time=1.5960631 seconds
iteration 39: delta=8.278144914007925e-06 xnorm=1 time=1.5957921 seconds
iteration 40: delta=6.939347857808934e-06 xnorm=1 time=1.5977277 seconds
iteration 41: delta=5.821144423761322e-06 xnorm=1 time=1.5961642 seconds
iteration 42: delta=4.885830911874326e-06 xnorm=1 time=1.5949444 seconds
iteration 43: delta=4.101973962066861e-06 xnorm=1 time=1.5986402 seconds
iteration 44: delta=3.445363462759725e-06 xnorm=1 time=1.600594 seconds
iteration 45: delta=2.89457992057464e-06 xnorm=1 time=1.5999436 seconds
iteration 46: delta=2.432815124830615e-06 xnorm=1 time=1.5959129 seconds
iteration 47: delta=2.045009726564841e-06 xnorm=1 time=1.5942468 seconds
iteration 48: delta=1.719490511972874e-06 xnorm=1 time=1.599766 seconds
iteration 49: delta=1.445940876608487e-06 xnorm=1 time=1.5960873 seconds
iteration 50: delta=1.216242912840571e-06 xnorm=1 time=1.5946973 seconds
iteration 51: delta=1.023140852324105e-06 xnorm=1 time=1.5948385 seconds
iteration 52: delta=8.608835221378534e-07 xnorm=1 time=1.6054043 seconds
iteration 53: delta=7.244243519527907e-07 xnorm=1 time=1.5989346 seconds
iteration 54: delta=6.097186457553125e-07 xnorm=1 time=1.5962149 seconds
iteration 55: delta=5.132225898131542e-07 xnorm=1 time=1.5995994 seconds
iteration 56: delta=4.320817499674423e-07 xnorm=1 time=1.5959514 seconds
iteration 57: delta=3.638046929062167e-07 xnorm=1 time=1.603661 seconds
iteration 58: delta=3.063750272666491e-07 xnorm=1 time=1.6553709 seconds
iteration 59: delta=2.580363758969492e-07 xnorm=1 time=1.6441226 seconds
iteration 60: delta=2.173639625386058e-07 xnorm=1 time=1.6264713 seconds
iteration 61: delta=1.831201274006238e-07 xnorm=1 time=1.6160196 seconds
iteration 62: delta=1.542966059673468e-07 xnorm=1 time=1.6120906 seconds
iteration 63: delta=1.300221508813725e-07 xnorm=1 time=1.6200168 seconds
iteration 64: delta=1.095833014046726e-07 xnorm=1 time=1.6216599 seconds
iteration 65: delta=9.236639627030002e-08 xnorm=1 time=1.6096213 seconds

Total time:96.29485750000001 seconds
Total iterate time:85.9853569 seconds
Total seq time:10.30950060000001 seconds

Type: default
Format: CSR
Input file: /mnt/d/Jorta/Documents/Uni/4th Year/CSC3021_Concurrent_Programming/Assignments/graphs/LiveJournal_dir.csr
GraphType format
Reading input: 8.181947300000001 seconds
Initialisation: 0.0557409 seconds
iteration 1: delta=0.7657317573028593 xnorm=0.9999994780258987 time=0.3498127 seconds
iteration 2: delta=0.2427373659418492 xnorm=0.9999996618064984 time=0.3164407 seconds
iteration 3: delta=0.08350608593482889 xnorm=0.9999996436435765 time=0.3211461 seconds
iteration 4: delta=0.0413796747795061 xnorm=0.9999996624072196 time=0.3167378 seconds
iteration 5: delta=0.02335257638287658 xnorm=0.9999997127284246 time=0.317042 seconds
iteration 6: delta=0.01464981933168019 xnorm=0.9999996730784346 time=0.3199166 seconds
iteration 7: delta=0.009681446710800401 xnorm=0.9999997597686558 time=0.3192111 seconds
iteration 8: delta=0.006643131809454417 xnorm=0.9999996716908299 time=0.3142434 seconds
iteration 9: delta=0.004685245278182038 xnorm=0.999999603404234 time=0.3202592 seconds
iteration 10: delta=0.003377890282138196 xnorm=0.9999997492367072 time=0.3149087 seconds
iteration 11: delta=0.002480096172575941 xnorm=0.9999996047215234 time=0.3150616 seconds
iteration 12: delta=0.001850089740401017 xnorm=0.9999996446292982 time=0.3190482 seconds
iteration 13: delta=0.001398761998189002 xnorm=0.9999995825592976 time=0.3165495 seconds
iteration 14: delta=0.001070163708476457 xnorm=0.999999620322285 time=0.3147676 seconds
iteration 15: delta=0.0008272137920073419 xnorm=0.9999997303263797 time=0.3185177 seconds
iteration 16: delta=0.0006454298804783321 xnorm=0.9999996358461374 time=0.3133881 seconds
iteration 17: delta=0.0005073027290904975 xnorm=0.9999997063975172 time=0.314962 seconds
iteration 18: delta=0.0004015292741996745 xnorm=0.9999998061751114 time=0.317051 seconds
iteration 19: delta=0.0003197587198826568 xnorm=0.9999995629470959 time=0.3162468 seconds
iteration 20: delta=0.0002556884566615736 xnorm=0.9999997269472374 time=0.314097 seconds
iteration 21: delta=0.0002056686105333938 xnorm=0.9999996501780402 time=0.3154919 seconds
iteration 22: delta=0.0001660080437488887 xnorm=0.9999996085550436 time=0.3229321 seconds
iteration 23: delta=0.0001344612441869231 xnorm=0.9999996008941139 time=0.3208646 seconds
iteration 24: delta=0.0001093678498875761 xnorm=0.9999996625214465 time=0.3214842 seconds
iteration 25: delta=8.931896243780102e-05 xnorm=0.9999994831601953 time=0.3221518 seconds
iteration 26: delta=7.300398127085828e-05 xnorm=0.9999996087020406 time=0.3198159 seconds
iteration 27: delta=6.002357980605666e-05 xnorm=0.9999996429584996 time=0.3165169 seconds
iteration 28: delta=4.943934186485421e-05 xnorm=0.999999700083066 time=0.3140896 seconds

=========================
Interim Step
=========================
iteration 29: delta=4.074335208067732e-05 xnorm=0.9999996601966075 time=0.5931694000000001 seconds

=========================
Increased Precision
=========================
iteration 30: delta=5.331629150409757e-05 xnorm=1 time=0.6291033 seconds
iteration 31: delta=3.939974422178899e-05 xnorm=1 time=0.6163356 seconds
iteration 32: delta=3.125272669202518e-05 xnorm=1 time=0.6241208 seconds
iteration 33: delta=2.537970231013543e-05 xnorm=1 time=0.6159293 seconds
iteration 34: delta=2.078564576299438e-05 xnorm=1 time=0.6230524000000001 seconds
iteration 35: delta=1.716699915639497e-05 xnorm=1 time=0.6493468 seconds
iteration 36: delta=1.425283185879891e-05 xnorm=1 time=0.6195497000000001 seconds
iteration 37: delta=1.187534676794845e-05 xnorm=1 time=0.6135003 seconds
iteration 38: delta=9.922046598796091e-06 xnorm=1 time=0.6139028000000001 seconds
iteration 39: delta=8.304640301462248e-06 xnorm=1 time=0.6120219 seconds
iteration 40: delta=6.960868401509765e-06 xnorm=1 time=0.6140955 seconds
iteration 41: delta=5.838782607707538e-06 xnorm=1 time=0.6128091 seconds
iteration 42: delta=4.900323356147836e-06 xnorm=1 time=0.6146069000000001 seconds
iteration 43: delta=4.113889852652434e-06 xnorm=1 time=0.6129138000000001 seconds
iteration 44: delta=3.4551709950512e-06 xnorm=1 time=0.6107323 seconds
iteration 45: delta=2.902651024932273e-06 xnorm=1 time=0.6153386000000001 seconds
iteration 46: delta=2.439453257098967e-06 xnorm=1 time=0.6167791 seconds
iteration 47: delta=2.05046516042132e-06 xnorm=1 time=0.6125916 seconds
iteration 48: delta=1.72397252821691e-06 xnorm=0.9999999999999999 time=0.6136814 seconds
iteration 49: delta=1.449616811608338e-06 xnorm=0.9999999999999999 time=0.6218517 seconds
iteration 50: delta=1.219259089635863e-06 xnorm=1 time=0.6173692000000001 seconds
iteration 51: delta=1.025617531264108e-06 xnorm=1 time=0.6252672 seconds
iteration 52: delta=8.629159991668427e-07 xnorm=1 time=0.6138419000000001 seconds
iteration 53: delta=7.260918264395027e-07 xnorm=1 time=0.6160071 seconds
iteration 54: delta=6.110861419431032e-07 xnorm=1 time=0.6285795000000001 seconds
iteration 55: delta=5.143435560046419e-07 xnorm=1 time=0.6224549 seconds
iteration 56: delta=4.33000216544015e-07 xnorm=1 time=0.615866 seconds
iteration 57: delta=3.645568726609934e-07 xnorm=1 time=0.6152364 seconds
iteration 58: delta=3.069908743788217e-07 xnorm=1 time=0.6132234000000001 seconds
iteration 59: delta=2.585403159194143e-07 xnorm=1 time=0.6155992 seconds
iteration 60: delta=2.1777602229643e-07 xnorm=1 time=0.6136955000000001 seconds
iteration 61: delta=1.834566444968694e-07 xnorm=1 time=0.6111476 seconds
iteration 62: delta=1.545712468946389e-07 xnorm=1 time=0.6120473000000001 seconds
iteration 63: delta=1.302460690408518e-07 xnorm=1 time=0.6124665 seconds
iteration 64: delta=1.097657827377125e-07 xnorm=1 time=0.6117604000000001 seconds
iteration 65: delta=9.251502737604289e-08 xnorm=1 time=0.6129004 seconds

Total time:41.4142974 seconds
Total iterate time:33.1764882 seconds
Total seq time:8.237809200000001 seconds

Type: default
Format: CSC
Input file: /mnt/d/Jorta/Documents/Uni/4th Year/CSC3021_Concurrent_Programming/Assignments/graphs/LiveJournal_dir.csc
GraphType format
Reading input: 8.2523117 seconds
Initialisation: 0.2700394 seconds
iteration 1: delta=0.7657317573028593 xnorm=0.9999994780258987 time=0.4920758 seconds
iteration 2: delta=0.2427373659418492 xnorm=0.9999996618064984 time=0.4505440000000001 seconds
iteration 3: delta=0.08350608593482889 xnorm=0.9999996436435765 time=0.45681 seconds
iteration 4: delta=0.0413796747795061 xnorm=0.9999996624072196 time=0.4508641 seconds
iteration 5: delta=0.02335257638287658 xnorm=0.9999997127284246 time=0.452334 seconds
iteration 6: delta=0.01464981933168019 xnorm=0.9999996730784346 time=0.4502962 seconds
iteration 7: delta=0.009681446710800401 xnorm=0.9999997597686558 time=0.4549292 seconds
iteration 8: delta=0.006643131809454417 xnorm=0.9999996716908299 time=0.4693651 seconds
iteration 9: delta=0.004685245278182038 xnorm=0.999999603404234 time=0.4492723 seconds
iteration 10: delta=0.003377890282138196 xnorm=0.9999997492367072 time=0.4528827 seconds
iteration 11: delta=0.002480096172575941 xnorm=0.9999996047215234 time=0.4517846 seconds
iteration 12: delta=0.001850089740401017 xnorm=0.9999996446292982 time=0.4508579 seconds
iteration 13: delta=0.001398761998189002 xnorm=0.9999995825592976 time=0.4517138000000001 seconds
iteration 14: delta=0.001070163708476457 xnorm=0.999999620322285 time=0.4495014000000001 seconds
iteration 15: delta=0.0008272137920073419 xnorm=0.9999997303263797 time=0.4547443 seconds
iteration 16: delta=0.0006454298804783321 xnorm=0.9999996358461374 time=0.449784 seconds
iteration 17: delta=0.0005073027290904975 xnorm=0.9999997063975172 time=0.4521246 seconds
iteration 18: delta=0.0004015292741996745 xnorm=0.9999998061751114 time=0.4524813 seconds
iteration 19: delta=0.0003197587198826568 xnorm=0.9999995629470959 time=0.4501132 seconds
iteration 20: delta=0.0002556884566615736 xnorm=0.9999997269472374 time=0.4515551 seconds
iteration 21: delta=0.0002056686105333938 xnorm=0.9999996501780402 time=0.4505191 seconds
iteration 22: delta=0.0001660080437488887 xnorm=0.9999996085550436 time=0.4544933 seconds
iteration 23: delta=0.0001344612441869231 xnorm=0.9999996008941139 time=0.4507103 seconds
iteration 24: delta=0.0001093678498875761 xnorm=0.9999996625214465 time=0.4486558 seconds
iteration 25: delta=8.931896243780102e-05 xnorm=0.9999994831601953 time=0.4535505 seconds
iteration 26: delta=7.300398127085828e-05 xnorm=0.9999996087020406 time=0.4511679 seconds
iteration 27: delta=6.002357980605666e-05 xnorm=0.9999996429584996 time=0.4515116 seconds
iteration 28: delta=4.943934186485421e-05 xnorm=0.999999700083066 time=0.4504108000000001 seconds

=========================
Interim Step
=========================
iteration 29: delta=4.074335208067732e-05 xnorm=0.9999996601966075 time=0.5631515 seconds

=========================
Increased Precision
=========================
iteration 30: delta=5.331629150409757e-05 xnorm=1 time=0.5463722000000001 seconds
iteration 31: delta=3.939974422178899e-05 xnorm=1 time=0.5483716000000001 seconds
iteration 32: delta=3.125272669202518e-05 xnorm=1 time=0.5476551000000001 seconds
iteration 33: delta=2.537970231013543e-05 xnorm=1 time=0.5489108 seconds
iteration 34: delta=2.078564576299438e-05 xnorm=1 time=0.5501449 seconds
iteration 35: delta=1.716699915639497e-05 xnorm=1 time=0.5485964 seconds
iteration 36: delta=1.425283185879891e-05 xnorm=1 time=0.5476432 seconds
iteration 37: delta=1.187534676794845e-05 xnorm=1 time=0.5459778000000001 seconds
iteration 38: delta=9.922046598796091e-06 xnorm=1 time=0.5484067 seconds
iteration 39: delta=8.304640301462248e-06 xnorm=1 time=0.5438468000000001 seconds
iteration 40: delta=6.960868401509765e-06 xnorm=1 time=0.5470686 seconds
iteration 41: delta=5.838782607707538e-06 xnorm=1 time=0.5511092000000001 seconds
iteration 42: delta=4.900323356147836e-06 xnorm=1 time=0.5481958 seconds
iteration 43: delta=4.113889852652434e-06 xnorm=1 time=0.5496024 seconds
iteration 44: delta=3.4551709950512e-06 xnorm=1 time=0.546965 seconds
iteration 45: delta=2.902651024932273e-06 xnorm=1 time=0.5466612000000001 seconds
iteration 46: delta=2.439453257098967e-06 xnorm=1 time=0.5449951000000001 seconds
iteration 47: delta=2.05046516042132e-06 xnorm=1 time=0.5471221000000001 seconds
iteration 48: delta=1.72397252821691e-06 xnorm=0.9999999999999999 time=0.5478733 seconds
iteration 49: delta=1.449616811608338e-06 xnorm=0.9999999999999999 time=0.5477213000000001 seconds
iteration 50: delta=1.219259089635863e-06 xnorm=1 time=0.5469078000000001 seconds
iteration 51: delta=1.025617531264108e-06 xnorm=1 time=0.5457198000000001 seconds
iteration 52: delta=8.629159991668427e-07 xnorm=1 time=0.5492304 seconds
iteration 53: delta=7.260918264395027e-07 xnorm=1 time=0.5454165000000001 seconds
iteration 54: delta=6.110861419431032e-07 xnorm=1 time=0.5486568000000001 seconds
iteration 55: delta=5.143435560046419e-07 xnorm=1 time=0.5578915 seconds
iteration 56: delta=4.33000216544015e-07 xnorm=1 time=0.5500791 seconds
iteration 57: delta=3.645568726609934e-07 xnorm=1 time=0.5489778000000001 seconds
iteration 58: delta=3.069908743788217e-07 xnorm=1 time=0.5504917 seconds
iteration 59: delta=2.585403159194143e-07 xnorm=1 time=0.5500886 seconds
iteration 60: delta=2.1777602229643e-07 xnorm=1 time=0.5492779 seconds
iteration 61: delta=1.834566444968694e-07 xnorm=1 time=0.5515637 seconds
iteration 62: delta=1.545712468946389e-07 xnorm=1 time=0.5487746 seconds
iteration 63: delta=1.302460690408518e-07 xnorm=1 time=0.5496628 seconds
iteration 64: delta=1.097657827377125e-07 xnorm=1 time=0.5491480000000001 seconds
iteration 65: delta=9.251502737604289e-08 xnorm=1 time=0.5508828 seconds

Total time:42.9742942 seconds
Total iterate time:34.4518089 seconds
Total seq time:8.5224853 seconds
