g++ -O3 -c pagerank.cpp
g++ -o pagerank pagerank.o
g++ -O3 -c msa_pagerank.cpp
g++ -o msa_pagerank msa_pagerank.o
std version
Type: default
Format: COO
Input file: /mnt/d/Jorta/Documents/Uni/4th Year/CSC3021_Concurrent_Programming/Assignments/graphs/LiveJournal_dir.coo
GraphType format
Reading input: 10.9846347 seconds
Initialisation: 0.3384533 seconds
iteration 1: delta=0.7657405697817449 xnorm=1 time=1.0151617 seconds
iteration 2: delta=0.2427457202670431 xnorm=1 time=1.0158991 seconds
iteration 3: delta=0.08351246007930319 xnorm=1 time=1.0154667 seconds
iteration 4: delta=0.0413847966303565 xnorm=1 time=1.0126539 seconds
iteration 5: delta=0.02335677813822932 xnorm=1 time=1.0090975 seconds
iteration 6: delta=0.01465310248268644 xnorm=1 time=1.0121888 seconds
iteration 7: delta=0.00968418109252497 xnorm=1 time=1.0138183 seconds
iteration 8: delta=0.006645481565488928 xnorm=1 time=1.0173577 seconds
iteration 9: delta=0.004687077085613662 xnorm=1 time=1.0187651 seconds
iteration 10: delta=0.003379595920608532 xnorm=1 time=1.0123515 seconds
iteration 11: delta=0.00248139928002146 xnorm=1 time=1.0103434 seconds
iteration 12: delta=0.001851288885516328 xnorm=1 time=1.0102525 seconds
iteration 13: delta=0.001399696925243255 xnorm=1 time=1.0092792 seconds
iteration 14: delta=0.001071123978321685 xnorm=1 time=1.0091185 seconds
iteration 15: delta=0.0008280205449419439 xnorm=1 time=1.009963 seconds
iteration 16: delta=0.0006460338997599027 xnorm=1 time=1.0150703 seconds
iteration 17: delta=0.0005078862430660688 xnorm=1 time=1.009795 seconds
iteration 18: delta=0.0004020454432663854 xnorm=1 time=1.0080285 seconds
iteration 19: delta=0.0003200220531273052 xnorm=1 time=1.0088297 seconds
iteration 20: delta=0.0002561035425722453 xnorm=1 time=1.009858 seconds
iteration 21: delta=0.0002058563842082391 xnorm=1 time=1.0103911 seconds
iteration 22: delta=0.0001661960674805028 xnorm=1 time=1.0094339 seconds
iteration 23: delta=0.0001346758608044258 xnorm=1 time=1.0113172 seconds
iteration 24: delta=0.0001095511853903326 xnorm=1 time=1.0147495 seconds
iteration 25: delta=8.940948116359607e-05 xnorm=1 time=1.0149997 seconds
iteration 26: delta=7.32182095981942e-05 xnorm=1 time=1.0106713 seconds
iteration 27: delta=6.013590872500203e-05 xnorm=1 time=1.0098066 seconds
iteration 28: delta=4.954302424773071e-05 xnorm=1 time=1.0095551 seconds
iteration 29: delta=4.092457696007193e-05 xnorm=1 time=1.0094487 seconds
iteration 30: delta=3.390131675970972e-05 xnorm=1 time=1.0094724 seconds
iteration 31: delta=2.814976442581824e-05 xnorm=1 time=1.0095557 seconds
iteration 32: delta=2.343393793210802e-05 xnorm=1 time=1.0104184 seconds
iteration 33: delta=1.954686250390362e-05 xnorm=1 time=1.0097052 seconds
iteration 34: delta=1.634114927627568e-05 xnorm=1 time=1.0133728 seconds
iteration 35: delta=1.368265322539238e-05 xnorm=1 time=1.0100487 seconds
iteration 36: delta=1.147463477572372e-05 xnorm=1 time=1.009615 seconds
iteration 37: delta=9.630987849993379e-06 xnorm=1 time=1.0105852 seconds
iteration 38: delta=8.091435042657739e-06 xnorm=1 time=1.0137352 seconds
iteration 39: delta=6.80111842526055e-06 xnorm=1 time=1.0100028 seconds
iteration 40: delta=5.719866935232524e-06 xnorm=1 time=1.0144533 seconds
iteration 41: delta=4.811506943396017e-06 xnorm=1 time=1.0168407 seconds
iteration 42: delta=4.049248802325172e-06 xnorm=1 time=1.0105266 seconds
iteration 43: delta=3.408405472290978e-06 xnorm=1 time=1.0108657 seconds
iteration 44: delta=2.870229805695641e-06 xnorm=1 time=1.0198625 seconds
iteration 45: delta=2.417546388594067e-06 xnorm=1 time=1.0160576 seconds
iteration 46: delta=2.036979793344945e-06 xnorm=1 time=1.0141455 seconds
iteration 47: delta=1.716455467516161e-06 xnorm=1 time=1.038535 seconds
iteration 48: delta=1.44677116275744e-06 xnorm=1 time=1.0181808 seconds
iteration 49: delta=1.219528745087948e-06 xnorm=1 time=1.0166474 seconds
iteration 50: delta=1.028236978539547e-06 xnorm=1 time=1.0208762 seconds
iteration 51: delta=8.670014603932135e-07 xnorm=1 time=1.0277128 seconds
iteration 52: delta=7.312213946900015e-07 xnorm=1 time=1.0159971 seconds
iteration 53: delta=6.167411758657822e-07 xnorm=1 time=1.0158269 seconds
iteration 54: delta=5.202962305455957e-07 xnorm=1 time=1.0173471 seconds
iteration 55: delta=4.389596449753509e-07 xnorm=1 time=1.0162369 seconds
iteration 56: delta=3.704127805820562e-07 xnorm=1 time=1.0169031 seconds
iteration 57: delta=3.125895608975958e-07 xnorm=1 time=1.0151268 seconds
iteration 58: delta=2.638433807403565e-07 xnorm=1 time=1.0150992 seconds
iteration 59: delta=2.2271270167922e-07 xnorm=1 time=1.0107453 seconds
iteration 60: delta=1.880276086198809e-07 xnorm=1 time=1.0121325 seconds
iteration 61: delta=1.587547463316179e-07 xnorm=1 time=1.0097473 seconds
iteration 62: delta=1.340625948097499e-07 xnorm=1 time=1.0103629 seconds
iteration 63: delta=1.132189010991919e-07 xnorm=1 time=1.0231487 seconds
iteration 64: delta=9.563164910840323e-08 xnorm=1 time=1.0224669 seconds

Total time:77.59149160000001 seconds
Total iterate time:66.2682724 seconds
Total seq time:11.32321920000001 seconds
Type: default
Format: CSR
Input file: /mnt/d/Jorta/Documents/Uni/4th Year/CSC3021_Concurrent_Programming/Assignments/graphs/LiveJournal_dir.csr
GraphType format
Reading input: 8.933281900000001 seconds
Initialisation: 0.1044192 seconds
iteration 1: delta=0.7657405697817449 xnorm=1 time=0.4007383 seconds
iteration 2: delta=0.2427457202670431 xnorm=1 time=0.3657405 seconds
iteration 3: delta=0.08351246007930323 xnorm=1 time=0.3674951 seconds
iteration 4: delta=0.04138479663035653 xnorm=1 time=0.3656635 seconds
iteration 5: delta=0.0233567781382293 xnorm=1 time=0.3655378 seconds
iteration 6: delta=0.01465310248268642 xnorm=1 time=0.3677803 seconds
iteration 7: delta=0.009684181092524967 xnorm=1 time=0.3660445000000001 seconds
iteration 8: delta=0.006645481565488927 xnorm=1 time=0.3681887 seconds
iteration 9: delta=0.004687077085613662 xnorm=1 time=0.3653363 seconds
iteration 10: delta=0.003379595920608531 xnorm=1 time=0.3662636 seconds
iteration 11: delta=0.002481399280021459 xnorm=1 time=0.3726742 seconds
iteration 12: delta=0.001851288885516328 xnorm=1 time=0.3660161 seconds
iteration 13: delta=0.001399696925243255 xnorm=1 time=0.3696925 seconds
iteration 14: delta=0.001071123978321686 xnorm=1 time=0.3675799 seconds
iteration 15: delta=0.0008280205449419441 xnorm=1 time=0.3667352 seconds
iteration 16: delta=0.0006460338997599028 xnorm=1 time=0.3678986 seconds
iteration 17: delta=0.0005078862430660689 xnorm=1 time=0.3656019 seconds
iteration 18: delta=0.000402045443266385 xnorm=1 time=0.3665147 seconds
iteration 19: delta=0.0003200220531273053 xnorm=1 time=0.3669248 seconds
iteration 20: delta=0.0002561035425722452 xnorm=1 time=0.3627532 seconds
iteration 21: delta=0.0002058563842082388 xnorm=1 time=0.365785 seconds
iteration 22: delta=0.000166196067480502 xnorm=1 time=0.3653447 seconds
iteration 23: delta=0.000134675860804425 xnorm=1 time=0.3662883 seconds
iteration 24: delta=0.0001095511853903329 xnorm=1 time=0.3656792 seconds
iteration 25: delta=8.940948116359585e-05 xnorm=1 time=0.3666028 seconds
iteration 26: delta=7.32182095981949e-05 xnorm=1 time=0.3658003 seconds
iteration 27: delta=6.013590872500285e-05 xnorm=1 time=0.3671809 seconds
iteration 28: delta=4.954302424773042e-05 xnorm=1 time=0.3647452 seconds
iteration 29: delta=4.092457696007126e-05 xnorm=1 time=0.3673 seconds
iteration 30: delta=3.390131675970864e-05 xnorm=1 time=0.3654421 seconds
iteration 31: delta=2.81497644258183e-05 xnorm=1 time=0.3659062 seconds
iteration 32: delta=2.34339379321075e-05 xnorm=1 time=0.3686433 seconds
iteration 33: delta=1.954686250390318e-05 xnorm=1 time=0.3646016 seconds
iteration 34: delta=1.634114927627526e-05 xnorm=1 time=0.3675403 seconds
iteration 35: delta=1.368265322533178e-05 xnorm=1 time=0.3668418 seconds
iteration 36: delta=1.147463477574444e-05 xnorm=1 time=0.3662773 seconds
iteration 37: delta=9.630987850001031e-06 xnorm=1 time=0.3660574 seconds
iteration 38: delta=8.091435042663527e-06 xnorm=1 time=0.3785415 seconds
iteration 39: delta=6.801118425264186e-06 xnorm=1 time=0.3658669000000001 seconds
iteration 40: delta=5.719866935236529e-06 xnorm=1 time=0.365755 seconds
iteration 41: delta=4.811506943399091e-06 xnorm=1 time=0.3662444 seconds
iteration 42: delta=4.049248802328943e-06 xnorm=1 time=0.3646041 seconds
iteration 43: delta=3.408405472292823e-06 xnorm=1 time=0.3645912 seconds
iteration 44: delta=2.870229805697807e-06 xnorm=1 time=0.3667733 seconds
iteration 45: delta=2.417546388595389e-06 xnorm=1 time=0.3701639 seconds
iteration 46: delta=2.036979793346919e-06 xnorm=1 time=0.3673386 seconds
iteration 47: delta=1.716455467616396e-06 xnorm=1 time=0.3682543 seconds
iteration 48: delta=1.446771162662946e-06 xnorm=1 time=0.3681956 seconds
iteration 49: delta=1.219528745096468e-06 xnorm=1 time=0.3677877 seconds
iteration 50: delta=1.028236978539351e-06 xnorm=1 time=0.3664068 seconds
iteration 51: delta=8.670014603929797e-07 xnorm=1 time=0.3728539 seconds
iteration 52: delta=7.312213946898196e-07 xnorm=1 time=0.3675765 seconds
iteration 53: delta=6.167411758646451e-07 xnorm=1 time=0.3733603 seconds
iteration 54: delta=5.202962305454779e-07 xnorm=1 time=0.3661568 seconds
iteration 55: delta=4.3895964497438e-07 xnorm=1 time=0.3672637 seconds
iteration 56: delta=3.704127805812956e-07 xnorm=1 time=0.3666581 seconds
iteration 57: delta=3.125895608965952e-07 xnorm=1 time=0.3655486 seconds
iteration 58: delta=2.638433807406989e-07 xnorm=1 time=0.3665698 seconds
iteration 59: delta=2.227127016787043e-07 xnorm=1 time=0.365253 seconds
iteration 60: delta=1.880276086195917e-07 xnorm=1 time=0.3649771 seconds
iteration 61: delta=1.587547463309399e-07 xnorm=0.9999999999999999 time=0.3662061 seconds
iteration 62: delta=1.340625948096563e-07 xnorm=1 time=0.3653423 seconds
iteration 63: delta=1.132189010997474e-07 xnorm=1 time=0.3644389 seconds
iteration 64: delta=9.563164910801421e-08 xnorm=0.9999999999999999 time=0.3667538 seconds

Total time:33.9475977 seconds
Total iterate time:24.9097803 seconds
Total seq time:9.037817400000002 seconds
Type: default
Format: CSC
Input file: /mnt/d/Jorta/Documents/Uni/4th Year/CSC3021_Concurrent_Programming/Assignments/graphs/LiveJournal_dir.csc
GraphType format
Reading input: 8.994912100000001 seconds
Initialisation: 0.3166663 seconds
iteration 1: delta=0.7657405697817449 xnorm=1 time=0.3467305 seconds
iteration 2: delta=0.2427457202670431 xnorm=1 time=0.3063682 seconds
iteration 3: delta=0.08351246007930323 xnorm=1 time=0.3066562 seconds
iteration 4: delta=0.04138479663035653 xnorm=1 time=0.3086373 seconds
iteration 5: delta=0.0233567781382293 xnorm=1 time=0.3071985 seconds
iteration 6: delta=0.01465310248268642 xnorm=1 time=0.3072138 seconds
iteration 7: delta=0.009684181092524967 xnorm=1 time=0.3099541 seconds
iteration 8: delta=0.006645481565488927 xnorm=1 time=0.3069542 seconds
iteration 9: delta=0.004687077085613662 xnorm=1 time=0.3069564 seconds
iteration 10: delta=0.003379595920608531 xnorm=1 time=0.308294 seconds
iteration 11: delta=0.002481399280021459 xnorm=1 time=0.307331 seconds
iteration 12: delta=0.001851288885516328 xnorm=1 time=0.306387 seconds
iteration 13: delta=0.001399696925243255 xnorm=1 time=0.3077987 seconds
iteration 14: delta=0.001071123978321686 xnorm=1 time=0.3092065 seconds
iteration 15: delta=0.0008280205449419441 xnorm=1 time=0.3069435 seconds
iteration 16: delta=0.0006460338997599028 xnorm=1 time=0.3063421 seconds
iteration 17: delta=0.0005078862430660689 xnorm=1 time=0.3083129 seconds
iteration 18: delta=0.000402045443266385 xnorm=1 time=0.3067781 seconds
iteration 19: delta=0.0003200220531273053 xnorm=1 time=0.3052963 seconds
iteration 20: delta=0.0002561035425722452 xnorm=1 time=0.3070756 seconds
iteration 21: delta=0.0002058563842082388 xnorm=1 time=0.3062702 seconds
iteration 22: delta=0.000166196067480502 xnorm=1 time=0.3088054 seconds
iteration 23: delta=0.000134675860804425 xnorm=1 time=0.3064458 seconds
iteration 24: delta=0.0001095511853903329 xnorm=1 time=0.3066699 seconds
iteration 25: delta=8.940948116359585e-05 xnorm=1 time=0.308757 seconds
iteration 26: delta=7.32182095981949e-05 xnorm=1 time=0.306705 seconds
iteration 27: delta=6.013590872500285e-05 xnorm=1 time=0.3063069 seconds
iteration 28: delta=4.954302424773042e-05 xnorm=1 time=0.3128705 seconds
iteration 29: delta=4.092457696007126e-05 xnorm=1 time=0.306254 seconds
iteration 30: delta=3.390131675970864e-05 xnorm=1 time=0.304981 seconds
iteration 31: delta=2.81497644258183e-05 xnorm=1 time=0.3139187 seconds
iteration 32: delta=2.34339379321075e-05 xnorm=1 time=0.3079063 seconds
iteration 33: delta=1.954686250390318e-05 xnorm=1 time=0.3053851 seconds
iteration 34: delta=1.634114927627526e-05 xnorm=1 time=0.3053749 seconds
iteration 35: delta=1.368265322533178e-05 xnorm=1 time=0.3057785 seconds
iteration 36: delta=1.147463477574444e-05 xnorm=1 time=0.3059918 seconds
iteration 37: delta=9.630987850001031e-06 xnorm=1 time=0.3068689 seconds
iteration 38: delta=8.091435042663527e-06 xnorm=1 time=0.3069228 seconds
iteration 39: delta=6.801118425264186e-06 xnorm=1 time=0.305004 seconds
iteration 40: delta=5.719866935236529e-06 xnorm=1 time=0.3060845 seconds
iteration 41: delta=4.811506943399091e-06 xnorm=1 time=0.3075354 seconds
iteration 42: delta=4.049248802328943e-06 xnorm=1 time=0.3056146 seconds
iteration 43: delta=3.408405472292823e-06 xnorm=1 time=0.3054842 seconds
iteration 44: delta=2.870229805697807e-06 xnorm=1 time=0.3070579 seconds
iteration 45: delta=2.417546388595389e-06 xnorm=1 time=0.30495 seconds
iteration 46: delta=2.036979793346919e-06 xnorm=1 time=0.3054622 seconds
iteration 47: delta=1.716455467616396e-06 xnorm=1 time=0.3052223 seconds
iteration 48: delta=1.446771162662946e-06 xnorm=1 time=0.3053469 seconds
iteration 49: delta=1.219528745096468e-06 xnorm=1 time=0.3068074 seconds
iteration 50: delta=1.028236978539351e-06 xnorm=1 time=0.3045708 seconds
iteration 51: delta=8.670014603929797e-07 xnorm=1 time=0.3051582 seconds
iteration 52: delta=7.312213946898196e-07 xnorm=1 time=0.3056382 seconds
iteration 53: delta=6.167411758646451e-07 xnorm=1 time=0.3076822 seconds
iteration 54: delta=5.202962305454779e-07 xnorm=1 time=0.3055989 seconds
iteration 55: delta=4.3895964497438e-07 xnorm=1 time=0.3055552 seconds
iteration 56: delta=3.704127805812956e-07 xnorm=1 time=0.3058936 seconds
iteration 57: delta=3.125895608965952e-07 xnorm=1 time=0.3056149 seconds
iteration 58: delta=2.638433807406989e-07 xnorm=1 time=0.305944 seconds
iteration 59: delta=2.227127016787043e-07 xnorm=1 time=0.3072775 seconds
iteration 60: delta=1.880276086195917e-07 xnorm=1 time=0.3093698 seconds
iteration 61: delta=1.587547463309399e-07 xnorm=0.9999999999999999 time=0.3071606 seconds
iteration 62: delta=1.340625948096563e-07 xnorm=1 time=0.30667 seconds
iteration 63: delta=1.132189010997474e-07 xnorm=1 time=0.3065685 seconds
iteration 64: delta=9.563164910801421e-08 xnorm=0.9999999999999999 time=0.3064088 seconds

Total time:30.3815746 seconds
Total iterate time:21.0698616 seconds
Total seq time:9.311712999999997 seconds

msa version

Type: default
Format: COO
Input file: /mnt/d/Jorta/Documents/Uni/4th Year/CSC3021_Concurrent_Programming/Assignments/graphs/LiveJournal_dir.coo
GraphType format
Reading input: 10.0143127 seconds
Initialisation: 0.2919558 seconds
iteration 1: delta=0.765731130433096 xnorm=0.9999997345344127 time=0.9076753000000001 seconds
iteration 2: delta=0.2427373944005922 xnorm=0.9999996988158841 time=0.9044534000000001 seconds
iteration 3: delta=0.08350616345413187 xnorm=0.9999996389230148 time=0.9029945 seconds
iteration 4: delta=0.04137974203459294 xnorm=0.9999997083733092 time=0.9018507 seconds
iteration 5: delta=0.02335273536775162 xnorm=0.9999996144244676 time=0.8993924000000001 seconds
iteration 6: delta=0.01464984421755844 xnorm=0.9999996767288337 time=0.8992304000000001 seconds
iteration 7: delta=0.009681487141335765 xnorm=0.9999998152534033 time=0.9002154000000001 seconds
iteration 8: delta=0.006643244551128191 xnorm=0.99999959617017 time=0.8995781 seconds
iteration 9: delta=0.004685226360152228 xnorm=0.9999996282091672 time=0.8985660000000001 seconds
iteration 10: delta=0.003377920254337141 xnorm=0.9999997837087449 time=0.9003497 seconds
iteration 11: delta=0.002480111327741952 xnorm=0.9999996551772199 time=0.9012680000000001 seconds
iteration 12: delta=0.001850109726262872 xnorm=0.9999997127411859 time=0.8995992 seconds
iteration 13: delta=0.001398812486172574 xnorm=0.9999996208993878 time=0.9053459 seconds
iteration 14: delta=0.001070154518316713 xnorm=0.9999997028702978 time=0.9050830000000001 seconds
iteration 15: delta=0.0008272981690424785 xnorm=0.9999996854427309 time=0.9034425 seconds
iteration 16: delta=0.0006453982786354118 xnorm=0.9999996601091823 time=0.9055292 seconds
iteration 17: delta=0.0005073008314013805 xnorm=0.9999997537807985 time=0.9001399000000001 seconds
iteration 18: delta=0.0004015381130670903 xnorm=0.99999987457619 time=0.9063259 seconds
iteration 19: delta=0.0003197655797748666 xnorm=0.9999996436312131 time=0.9016685000000001 seconds
iteration 20: delta=0.0002557563622644921 xnorm=0.9999996887551674 time=0.8989547000000001 seconds
iteration 21: delta=0.0002056045759957215 xnorm=0.9999996973881764 time=0.8976318000000001 seconds
iteration 22: delta=0.0001660074477172202 xnorm=0.9999996531057889 time=0.8974872 seconds
iteration 23: delta=0.0001344792824511387 xnorm=0.9999996205025639 time=0.8982606000000001 seconds
iteration 24: delta=0.0001093162231597944 xnorm=0.9999997387787403 time=0.9112203000000001 seconds
iteration 25: delta=8.938790409729336e-05 xnorm=0.999999469308591 time=0.9074284 seconds
iteration 26: delta=7.299774489410993e-05 xnorm=0.9999995979434857 time=0.9084383 seconds
iteration 27: delta=5.99981398181626e-05 xnorm=0.9999996704800083 time=0.906128 seconds
iteration 28: delta=4.942575171185126e-05 xnorm=0.9999997497745596 time=0.9094097000000001 seconds

=========================
Interim Step
=========================
iteration 29: delta=4.077398188047867e-05 xnorm=0.9999996650119272 time=1.2769979 seconds

=========================
Increased Precision
=========================
iteration 30: delta=5.305246671731529e-05 xnorm=1 time=1.6138025 seconds
iteration 31: delta=3.921135964303309e-05 xnorm=1 time=1.5999115 seconds
iteration 32: delta=3.111146824531041e-05 xnorm=1 time=1.6059766 seconds
iteration 33: delta=2.527139932339893e-05 xnorm=1 time=1.5997257 seconds
iteration 34: delta=2.07018297610508e-05 xnorm=1 time=1.5958693 seconds
iteration 35: delta=1.710155491884991e-05 xnorm=1 time=1.5949209 seconds
iteration 36: delta=1.420122919468453e-05 xnorm=1 time=1.5963163 seconds
iteration 37: delta=1.18342775474781e-05 xnorm=1 time=1.5901374 seconds
iteration 38: delta=9.8891370767715e-06 xnorm=1 time=1.5899465 seconds
iteration 39: delta=8.278144914007925e-06 xnorm=1 time=1.6089827 seconds
iteration 40: delta=6.939347857808934e-06 xnorm=1 time=1.5948683 seconds
iteration 41: delta=5.821144423761322e-06 xnorm=1 time=1.588696 seconds
iteration 42: delta=4.885830911874326e-06 xnorm=1 time=1.5956268 seconds
iteration 43: delta=4.101973962066861e-06 xnorm=1 time=1.6039421 seconds
iteration 44: delta=3.445363462759725e-06 xnorm=1 time=1.6017754 seconds
iteration 45: delta=2.89457992057464e-06 xnorm=1 time=1.5994329 seconds
iteration 46: delta=2.432815124830615e-06 xnorm=1 time=1.593851 seconds
iteration 47: delta=2.045009726564841e-06 xnorm=1 time=1.5919452 seconds
iteration 48: delta=1.719490511972874e-06 xnorm=1 time=1.5926005 seconds
iteration 49: delta=1.445940876608487e-06 xnorm=1 time=1.5993885 seconds
iteration 50: delta=1.216242912840571e-06 xnorm=1 time=1.6003902 seconds
iteration 51: delta=1.023140852324105e-06 xnorm=1 time=1.6001725 seconds
iteration 52: delta=8.608835221378534e-07 xnorm=1 time=1.5992944 seconds
iteration 53: delta=7.244243519527907e-07 xnorm=1 time=1.5877037 seconds
iteration 54: delta=6.097186457553125e-07 xnorm=1 time=1.5976741 seconds
iteration 55: delta=5.132225898131542e-07 xnorm=1 time=1.5886015 seconds
iteration 56: delta=4.320817499674423e-07 xnorm=1 time=1.6072482 seconds
iteration 57: delta=3.638046929062167e-07 xnorm=1 time=1.7113991 seconds
iteration 58: delta=3.063750272666491e-07 xnorm=1 time=1.5935494 seconds
iteration 59: delta=2.580363758969492e-07 xnorm=1 time=1.5950843 seconds
iteration 60: delta=2.173639625386058e-07 xnorm=1 time=1.5991936 seconds
iteration 61: delta=1.831201274006238e-07 xnorm=1 time=1.5956357 seconds
iteration 62: delta=1.542966059673468e-07 xnorm=1 time=1.6012424 seconds
iteration 63: delta=1.300221508813725e-07 xnorm=1 time=1.5953847 seconds
iteration 64: delta=1.095833014046726e-07 xnorm=1 time=1.5935477 seconds
iteration 65: delta=9.236639627030002e-08 xnorm=1 time=1.5892887 seconds

Total time:95.9138727 seconds
Total iterate time:85.60747160000001 seconds
Total seq time:10.30640109999999 seconds

Type: default
Format: CSR
Input file: /mnt/d/Jorta/Documents/Uni/4th Year/CSC3021_Concurrent_Programming/Assignments/graphs/LiveJournal_dir.csr
GraphType format
Reading input: 7.876277000000001 seconds
Initialisation: 0.0555917 seconds
iteration 1: delta=0.7657317573028593 xnorm=0.9999994780258987 time=0.3518254 seconds
iteration 2: delta=0.2427373659418492 xnorm=0.9999996618064984 time=0.3166128 seconds
iteration 3: delta=0.08350608593482889 xnorm=0.9999996436435765 time=0.3181425 seconds
iteration 4: delta=0.0413796747795061 xnorm=0.9999996624072196 time=0.3194801 seconds
iteration 5: delta=0.02335257638287658 xnorm=0.9999997127284246 time=0.3323802 seconds
iteration 6: delta=0.01464981933168019 xnorm=0.9999996730784346 time=0.318627 seconds
iteration 7: delta=0.009681446710800401 xnorm=0.9999997597686558 time=0.3205871 seconds
iteration 8: delta=0.006643131809454417 xnorm=0.9999996716908299 time=0.3168186 seconds
iteration 9: delta=0.004685245278182038 xnorm=0.999999603404234 time=0.3176408 seconds
iteration 10: delta=0.003377890282138196 xnorm=0.9999997492367072 time=0.3192624 seconds
iteration 11: delta=0.002480096172575941 xnorm=0.9999996047215234 time=0.3236227 seconds
iteration 12: delta=0.001850089740401017 xnorm=0.9999996446292982 time=0.322838 seconds
iteration 13: delta=0.001398761998189002 xnorm=0.9999995825592976 time=0.3247448 seconds
iteration 14: delta=0.001070163708476457 xnorm=0.999999620322285 time=0.3178466 seconds
iteration 15: delta=0.0008272137920073419 xnorm=0.9999997303263797 time=0.3153938 seconds
iteration 16: delta=0.0006454298804783321 xnorm=0.9999996358461374 time=0.3202877 seconds
iteration 17: delta=0.0005073027290904975 xnorm=0.9999997063975172 time=0.3180994 seconds
iteration 18: delta=0.0004015292741996745 xnorm=0.9999998061751114 time=0.3155892 seconds
iteration 19: delta=0.0003197587198826568 xnorm=0.9999995629470959 time=0.3216133 seconds
iteration 20: delta=0.0002556884566615736 xnorm=0.9999997269472374 time=0.3199114 seconds
iteration 21: delta=0.0002056686105333938 xnorm=0.9999996501780402 time=0.3158773 seconds
iteration 22: delta=0.0001660080437488887 xnorm=0.9999996085550436 time=0.3194134 seconds
iteration 23: delta=0.0001344612441869231 xnorm=0.9999996008941139 time=0.3188229 seconds
iteration 24: delta=0.0001093678498875761 xnorm=0.9999996625214465 time=0.3173994 seconds
iteration 25: delta=8.931896243780102e-05 xnorm=0.9999994831601953 time=0.3219448 seconds
iteration 26: delta=7.300398127085828e-05 xnorm=0.9999996087020406 time=0.3191965 seconds
iteration 27: delta=6.002357980605666e-05 xnorm=0.9999996429584996 time=0.3173752 seconds
iteration 28: delta=4.943934186485421e-05 xnorm=0.999999700083066 time=0.3285176 seconds

=========================
Interim Step
=========================
iteration 29: delta=4.074335208067732e-05 xnorm=0.9999996601966075 time=0.5867300000000001 seconds

=========================
Increased Precision
=========================
iteration 30: delta=5.331629150409757e-05 xnorm=1 time=0.6132801 seconds
iteration 31: delta=3.939974422178899e-05 xnorm=1 time=0.6114992 seconds
iteration 32: delta=3.125272669202518e-05 xnorm=1 time=0.6127830000000001 seconds
iteration 33: delta=2.537970231013543e-05 xnorm=1 time=0.6140831 seconds
iteration 34: delta=2.078564576299438e-05 xnorm=1 time=0.6126806 seconds
iteration 35: delta=1.716699915639497e-05 xnorm=1 time=0.6125818000000001 seconds
iteration 36: delta=1.425283185879891e-05 xnorm=1 time=0.6120116 seconds
iteration 37: delta=1.187534676794845e-05 xnorm=1 time=0.6107117000000001 seconds
iteration 38: delta=9.922046598796091e-06 xnorm=1 time=0.6124860000000001 seconds
iteration 39: delta=8.304640301462248e-06 xnorm=1 time=0.610691 seconds
iteration 40: delta=6.960868401509765e-06 xnorm=1 time=0.6118893000000001 seconds
iteration 41: delta=5.838782607707538e-06 xnorm=1 time=0.6114646 seconds
iteration 42: delta=4.900323356147836e-06 xnorm=1 time=0.6107981 seconds
iteration 43: delta=4.113889852652434e-06 xnorm=1 time=0.6156659 seconds
iteration 44: delta=3.4551709950512e-06 xnorm=1 time=0.6124134 seconds
iteration 45: delta=2.902651024932273e-06 xnorm=1 time=0.6118588 seconds
iteration 46: delta=2.439453257098967e-06 xnorm=1 time=0.6108538 seconds
iteration 47: delta=2.05046516042132e-06 xnorm=1 time=0.6107100000000001 seconds
iteration 48: delta=1.72397252821691e-06 xnorm=0.9999999999999999 time=0.6151171000000001 seconds
iteration 49: delta=1.449616811608338e-06 xnorm=0.9999999999999999 time=0.6313354 seconds
iteration 50: delta=1.219259089635863e-06 xnorm=1 time=0.6201224000000001 seconds
iteration 51: delta=1.025617531264108e-06 xnorm=1 time=0.6230423 seconds
iteration 52: delta=8.629159991668427e-07 xnorm=1 time=0.6194076000000001 seconds
iteration 53: delta=7.260918264395027e-07 xnorm=1 time=0.6142999 seconds
iteration 54: delta=6.110861419431032e-07 xnorm=1 time=0.6157820000000001 seconds
iteration 55: delta=5.143435560046419e-07 xnorm=1 time=0.6136439 seconds
iteration 56: delta=4.33000216544015e-07 xnorm=1 time=0.6156181000000001 seconds
iteration 57: delta=3.645568726609934e-07 xnorm=1 time=0.6163399000000001 seconds
iteration 58: delta=3.069908743788217e-07 xnorm=1 time=0.6144079 seconds
iteration 59: delta=2.585403159194143e-07 xnorm=1 time=0.6133716 seconds
iteration 60: delta=2.1777602229643e-07 xnorm=1 time=0.6121049000000001 seconds
iteration 61: delta=1.834566444968694e-07 xnorm=1 time=0.6152062 seconds
iteration 62: delta=1.545712468946389e-07 xnorm=1 time=0.6151982 seconds
iteration 63: delta=1.302460690408518e-07 xnorm=1 time=0.6267842 seconds
iteration 64: delta=1.097657827377125e-07 xnorm=1 time=0.6105212 seconds
iteration 65: delta=9.251502737604289e-08 xnorm=1 time=0.6109554 seconds

Total time:41.0667799 seconds
Total iterate time:33.134795 seconds
Total seq time:7.931984899999996 seconds

Type: default
Format: CSC
Input file: /mnt/d/Jorta/Documents/Uni/4th Year/CSC3021_Concurrent_Programming/Assignments/graphs/LiveJournal_dir.csc
GraphType format
Reading input: 8.2385477 seconds
Initialisation: 0.2776462 seconds
iteration 1: delta=0.7657317573028593 xnorm=0.9999994780258987 time=0.5182176000000001 seconds
iteration 2: delta=0.2427373659418492 xnorm=0.9999996618064984 time=0.467171 seconds
iteration 3: delta=0.08350608593482889 xnorm=0.9999996436435765 time=0.4583839 seconds
iteration 4: delta=0.0413796747795061 xnorm=0.9999996624072196 time=0.4562896 seconds
iteration 5: delta=0.02335257638287658 xnorm=0.9999997127284246 time=0.4978765000000001 seconds
iteration 6: delta=0.01464981933168019 xnorm=0.9999996730784346 time=0.4861465 seconds
iteration 7: delta=0.009681446710800401 xnorm=0.9999997597686558 time=0.4698176 seconds
iteration 8: delta=0.006643131809454417 xnorm=0.9999996716908299 time=0.454104 seconds
iteration 9: delta=0.004685245278182038 xnorm=0.999999603404234 time=0.4573928 seconds
iteration 10: delta=0.003377890282138196 xnorm=0.9999997492367072 time=0.4570164 seconds
iteration 11: delta=0.002480096172575941 xnorm=0.9999996047215234 time=0.4841927 seconds
iteration 12: delta=0.001850089740401017 xnorm=0.9999996446292982 time=0.4559247 seconds
iteration 13: delta=0.001398761998189002 xnorm=0.9999995825592976 time=0.467434 seconds
iteration 14: delta=0.001070163708476457 xnorm=0.999999620322285 time=0.4669961 seconds
iteration 15: delta=0.0008272137920073419 xnorm=0.9999997303263797 time=0.4586288 seconds
iteration 16: delta=0.0006454298804783321 xnorm=0.9999996358461374 time=0.4538396 seconds
iteration 17: delta=0.0005073027290904975 xnorm=0.9999997063975172 time=0.451379 seconds
iteration 18: delta=0.0004015292741996745 xnorm=0.9999998061751114 time=0.4626519 seconds
iteration 19: delta=0.0003197587198826568 xnorm=0.9999995629470959 time=0.461072 seconds
iteration 20: delta=0.0002556884566615736 xnorm=0.9999997269472374 time=0.4509027 seconds
iteration 21: delta=0.0002056686105333938 xnorm=0.9999996501780402 time=0.4561966 seconds
iteration 22: delta=0.0001660080437488887 xnorm=0.9999996085550436 time=0.4536638 seconds
iteration 23: delta=0.0001344612441869231 xnorm=0.9999996008941139 time=0.4551384000000001 seconds
iteration 24: delta=0.0001093678498875761 xnorm=0.9999996625214465 time=0.4574628 seconds
iteration 25: delta=8.931896243780102e-05 xnorm=0.9999994831601953 time=0.4657746 seconds
iteration 26: delta=7.300398127085828e-05 xnorm=0.9999996087020406 time=0.4698827 seconds
iteration 27: delta=6.002357980605666e-05 xnorm=0.9999996429584996 time=0.4530376 seconds
iteration 28: delta=4.943934186485421e-05 xnorm=0.999999700083066 time=0.4573105 seconds

=========================
Interim Step
=========================
iteration 29: delta=4.074335208067732e-05 xnorm=0.9999996601966075 time=0.5627401000000001 seconds

=========================
Increased Precision
=========================
iteration 30: delta=5.331629150409757e-05 xnorm=1 time=0.5544245 seconds
iteration 31: delta=3.939974422178899e-05 xnorm=1 time=0.5514989 seconds
iteration 32: delta=3.125272669202518e-05 xnorm=1 time=0.5514694 seconds
iteration 33: delta=2.537970231013543e-05 xnorm=1 time=0.5467966000000001 seconds
iteration 34: delta=2.078564576299438e-05 xnorm=1 time=0.5501235 seconds
iteration 35: delta=1.716699915639497e-05 xnorm=1 time=0.5518404 seconds
iteration 36: delta=1.425283185879891e-05 xnorm=1 time=0.5499779 seconds
iteration 37: delta=1.187534676794845e-05 xnorm=1 time=0.5511548000000001 seconds
iteration 38: delta=9.922046598796091e-06 xnorm=1 time=0.5541141000000001 seconds
iteration 39: delta=8.304640301462248e-06 xnorm=1 time=0.5487491 seconds
iteration 40: delta=6.960868401509765e-06 xnorm=1 time=0.5495877 seconds
iteration 41: delta=5.838782607707538e-06 xnorm=1 time=0.5503163 seconds
iteration 42: delta=4.900323356147836e-06 xnorm=1 time=0.5493626 seconds
iteration 43: delta=4.113889852652434e-06 xnorm=1 time=0.5518349 seconds
iteration 44: delta=3.4551709950512e-06 xnorm=1 time=0.5520492 seconds
iteration 45: delta=2.902651024932273e-06 xnorm=1 time=0.5532353 seconds
iteration 46: delta=2.439453257098967e-06 xnorm=1 time=0.5504621000000001 seconds
iteration 47: delta=2.05046516042132e-06 xnorm=1 time=0.5481038 seconds
iteration 48: delta=1.72397252821691e-06 xnorm=0.9999999999999999 time=0.5510399 seconds
iteration 49: delta=1.449616811608338e-06 xnorm=0.9999999999999999 time=0.5479673 seconds
iteration 50: delta=1.219259089635863e-06 xnorm=1 time=0.5492854 seconds
iteration 51: delta=1.025617531264108e-06 xnorm=1 time=0.5514471000000001 seconds
iteration 52: delta=8.629159991668427e-07 xnorm=1 time=0.5567169000000001 seconds
iteration 53: delta=7.260918264395027e-07 xnorm=1 time=0.55354 seconds
iteration 54: delta=6.110861419431032e-07 xnorm=1 time=0.5512868000000001 seconds
iteration 55: delta=5.143435560046419e-07 xnorm=1 time=0.5507527 seconds
iteration 56: delta=4.33000216544015e-07 xnorm=1 time=0.5515030000000001 seconds
iteration 57: delta=3.645568726609934e-07 xnorm=1 time=0.5510326 seconds
iteration 58: delta=3.069908743788217e-07 xnorm=1 time=0.5502289 seconds
iteration 59: delta=2.585403159194143e-07 xnorm=1 time=0.5564672000000001 seconds
iteration 60: delta=2.1777602229643e-07 xnorm=1 time=0.5500067000000001 seconds
iteration 61: delta=1.834566444968694e-07 xnorm=1 time=0.552961 seconds
iteration 62: delta=1.545712468946389e-07 xnorm=1 time=0.5549569000000001 seconds
iteration 63: delta=1.302460690408518e-07 xnorm=1 time=0.5509211000000001 seconds
iteration 64: delta=1.097657827377125e-07 xnorm=1 time=0.5524687 seconds
iteration 65: delta=9.251502737604289e-08 xnorm=1 time=0.5543174000000001 seconds

Total time:43.3853032 seconds
Total iterate time:34.8689321 seconds
Total seq time:8.516371100000001 seconds
